Flow report for step3
Wed Jan 18 19:21:23 2023
Quartus Prime Version 18.1.0 Build 625 09/12/2018 SJ Lite Edition


---------------------
; Table of Contents ;
---------------------
  1. Legal Notice
  2. Flow Summary
  3. Flow Settings
  4. Flow Non-Default Global Settings
  5. Flow Elapsed Time
  6. Flow OS Summary
  7. Flow Log
  8. Flow Messages
  9. Flow Suppressed Messages



----------------
; Legal Notice ;
----------------
Copyright (C) 2018  Intel Corporation. All rights reserved.
Your use of Intel Corporation's design tools, logic functions 
and other software and tools, and its AMPP partner logic 
functions, and any output files from any of the foregoing 
(including device programming or simulation files), and any 
associated documentation or information are expressly subject 
to the terms and conditions of the Intel Program License 
Subscription Agreement, the Intel Quartus Prime License Agreement,
the Intel FPGA IP License Agreement, or other applicable license
agreement, including, without limitation, that your use is for
the sole purpose of programming logic devices manufactured by
Intel and sold by Intel or its authorized distributors.  Please
refer to the applicable agreement for further details.



+-------------------------------------------------------------------------------+
; Flow Summary                                                                  ;
+---------------------------------+---------------------------------------------+
; Flow Status                     ; Successful - Wed Jan 18 19:21:01 2023       ;
; Quartus Prime Version           ; 18.1.0 Build 625 09/12/2018 SJ Lite Edition ;
; Revision Name                   ; step3                                       ;
; Top-level Entity Name           ; s3_top                                      ;
; Family                          ; Cyclone V                                   ;
; Device                          ; 5CSEMA5F31C6                                ;
; Timing Models                   ; Final                                       ;
; Logic utilization (in ALMs)     ; 917 / 32,070 ( 3 % )                        ;
; Total registers                 ; 1304                                        ;
; Total pins                      ; 67 / 457 ( 15 % )                           ;
; Total virtual pins              ; 0                                           ;
; Total block memory bits         ; 2,108,416 / 4,065,280 ( 52 % )              ;
; Total DSP Blocks                ; 0 / 87 ( 0 % )                              ;
; Total HSSI RX PCSs              ; 0                                           ;
; Total HSSI PMA RX Deserializers ; 0                                           ;
; Total HSSI TX PCSs              ; 0                                           ;
; Total HSSI PMA TX Serializers   ; 0                                           ;
; Total PLLs                      ; 0 / 6 ( 0 % )                               ;
; Total DLLs                      ; 0 / 4 ( 0 % )                               ;
+---------------------------------+---------------------------------------------+


+-----------------------------------------+
; Flow Settings                           ;
+-------------------+---------------------+
; Option            ; Setting             ;
+-------------------+---------------------+
; Start date & time ; 01/18/2023 19:16:45 ;
; Main task         ; Compilation         ;
; Revision Name     ; step3               ;
+-------------------+---------------------+


+---------------------------------------------------------------------------------------------------------------------------------------+
; Flow Non-Default Global Settings                                                                                                      ;
+-------------------------------------+------------------------------------------------------+---------------+-------------+------------+
; Assignment Name                     ; Value                                                ; Default Value ; Entity Name ; Section Id ;
+-------------------------------------+------------------------------------------------------+---------------+-------------+------------+
; COMPILER_SIGNATURE_ID               ; 158527726604644.167409820510584                      ; --            ; --          ; --         ;
; MAX_CORE_JUNCTION_TEMP              ; 85                                                   ; --            ; --          ; --         ;
; MIN_CORE_JUNCTION_TEMP              ; 0                                                    ; --            ; --          ; --         ;
; MISC_FILE                           ; s3/synthesis/../s3.cmp                               ; --            ; --          ; --         ;
; MISC_FILE                           ; s3/synthesis/../../s3.qsys                           ; --            ; --          ; --         ;
; PARTITION_COLOR                     ; -- (Not supported for targeted family)               ; --            ; s3_top      ; Top        ;
; PARTITION_FITTER_PRESERVATION_LEVEL ; -- (Not supported for targeted family)               ; --            ; s3_top      ; Top        ;
; PARTITION_NETLIST_TYPE              ; -- (Not supported for targeted family)               ; --            ; s3_top      ; Top        ;
; POWER_BOARD_THERMAL_MODEL           ; None (CONSERVATIVE)                                  ; --            ; --          ; --         ;
; POWER_PRESET_COOLING_SOLUTION       ; 23 MM HEAT SINK WITH 200 LFPM AIRFLOW                ; --            ; --          ; --         ;
; PROJECT_OUTPUT_DIRECTORY            ; output_files                                         ; --            ; --          ; --         ;
; SLD_FILE                            ; s3/synthesis/s3.regmap                               ; --            ; --          ; --         ;
; SLD_FILE                            ; s3/synthesis/s3.debuginfo                            ; --            ; --          ; --         ;
; SLD_INFO                            ; QSYS_NAME s3 HAS_SOPCINFO 1 GENERATION_ID 1674098164 ; --            ; s3          ; --         ;
; SOPCINFO_FILE                       ; s3/synthesis/../../s3.sopcinfo                       ; --            ; --          ; --         ;
; SYNTHESIS_ONLY_QIP                  ; On                                                   ; --            ; --          ; --         ;
; TOP_LEVEL_ENTITY                    ; s3_top                                               ; step3         ; --          ; --         ;
+-------------------------------------+------------------------------------------------------+---------------+-------------+------------+


+--------------------------------------------------------------------------------------------------------------------------+
; Flow Elapsed Time                                                                                                        ;
+----------------------+--------------+-------------------------+---------------------+------------------------------------+
; Module Name          ; Elapsed Time ; Average Processors Used ; Peak Virtual Memory ; Total CPU Time (on all processors) ;
+----------------------+--------------+-------------------------+---------------------+------------------------------------+
; Analysis & Synthesis ; 00:01:37     ; 1.0                     ; 4990 MB             ; 00:01:54                           ;
; Fitter               ; 00:02:16     ; 1.1                     ; 6304 MB             ; 00:02:09                           ;
; Assembler            ; 00:00:12     ; 1.0                     ; 4887 MB             ; 00:00:09                           ;
; Timing Analyzer      ; 00:00:19     ; 1.5                     ; 5205 MB             ; 00:00:19                           ;
; Total                ; 00:04:24     ; --                      ; --                  ; 00:04:31                           ;
+----------------------+--------------+-------------------------+---------------------+------------------------------------+


+------------------------------------------------------------------------------------+
; Flow OS Summary                                                                    ;
+----------------------+------------------+------------+------------+----------------+
; Module Name          ; Machine Hostname ; OS Name    ; OS Version ; Processor type ;
+----------------------+------------------+------------+------------+----------------+
; Analysis & Synthesis ; beako-windows    ; Windows 10 ; 10.0       ; x86_64         ;
; Fitter               ; beako-windows    ; Windows 10 ; 10.0       ; x86_64         ;
; Assembler            ; beako-windows    ; Windows 10 ; 10.0       ; x86_64         ;
; Timing Analyzer      ; beako-windows    ; Windows 10 ; 10.0       ; x86_64         ;
+----------------------+------------------+------------+------------+----------------+


------------
; Flow Log ;
------------
quartus_map --read_settings_files=on --write_settings_files=off step3 -c step3
quartus_fit --read_settings_files=off --write_settings_files=off step3 -c step3
quartus_asm --read_settings_files=off --write_settings_files=off step3 -c step3
quartus_sta step3 -c step3



